---------------------------------------------------------------
[ 2019-10-09T09:13:35+08:00 ] 127.0.0.1 GET /
[ info ] www.lh1.com/ [运行时间：1.207031s][吞吐率：0.83req/s] [内存消耗：2,504.65kb] [文件加载：61]
[ info ] [ LANG ] D:\phpstudy\WWW\lanHu\framework\lang\zh-cn.php
[ info ] [ ROUTE ] array (
  'type' => 'module',
  'module' => 
  array (
    0 => '',
    1 => NULL,
    2 => NULL,
  ),
)
[ info ] [ HEADER ] array (
  'accept-language' => 'zh-CN,zh;q=0.9',
  'accept-encoding' => 'gzip, deflate',
  'accept' => 'text/html,application/xhtml+xml,application/xml;q=0.9,image/webp,image/apng,*/*;q=0.8,application/signed-exchange;v=b3',
  'user-agent' => 'Mozilla/5.0 (Windows NT 6.1; Win64; x64) AppleWebKit/537.36 (KHTML, like Gecko) Chrome/73.0.3683.86 Safari/537.36',
  'upgrade-insecure-requests' => '1',
  'connection' => 'close',
  'host' => 'www.lh1.com',
)
[ info ] [ PARAM ] array (
)
[ info ] [ DB ] INIT mysql
[ info ] [ RUN ] app\index\controller\Index->index[ D:\phpstudy\WWW\lanHu\application\index\controller\Index.php ]
[ info ] [ VIEW ] D:\phpstudy\WWW\lanHu\themes\default\user\index.html [ array (
  0 => 'config',
) ]
[ info ] [ VIEW ] D:\phpstudy\WWW\lanHu\themes\default\header.html [ array (
  0 => 'config',
) ]
[ info ] [ VIEW ] D:\phpstudy\WWW\lanHu\themes\default\footer.html [ array (
  0 => 'config',
) ]
[ info ] [ LOG ] INIT File
[ sql ] [ DB ] CONNECT:[ UseTime:0.019531s ] mysql:host=127.0.0.1;dbname=qianlidu;charset=utf8
[ sql ] [ SQL ] SHOW COLUMNS FROM `cm_config` [ RunTime:0.056641s ]
[ sql ] [ SQL ] SELECT * FROM `cm_config` ORDER BY `id` DESC [ RunTime:0.008789s ]
---------------------------------------------------------------
[ 2019-10-09T09:13:35+08:00 ] 127.0.0.1 POST /api/order/orderget.html
[ info ] www.lh1.com/api/order/orderget.html [运行时间：0.205079s][吞吐率：4.88req/s] [内存消耗：2,446.08kb] [文件加载：56]
[ info ] [ LANG ] D:\phpstudy\WWW\lanHu\framework\lang\zh-cn.php
[ info ] [ ROUTE ] array (
  'type' => 'module',
  'module' => 
  array (
    0 => 'api',
    1 => 'order',
    2 => 'orderget',
  ),
)
[ info ] [ HEADER ] array (
  'accept-language' => 'zh-CN,zh;q=0.9',
  'accept-encoding' => 'gzip, deflate',
  'referer' => 'http://www.lh1.com/',
  'content-type' => 'application/x-www-form-urlencoded; charset=UTF-8',
  'user-agent' => 'Mozilla/5.0 (Windows NT 6.1; Win64; x64) AppleWebKit/537.36 (KHTML, like Gecko) Chrome/73.0.3683.86 Safari/537.36',
  'x-requested-with' => 'XMLHttpRequest',
  'origin' => 'http://www.lh1.com',
  'accept' => 'application/json, text/javascript, */*; q=0.01',
  'content-length' => '9',
  'connection' => 'close',
  'host' => 'www.lh1.com',
)
[ info ] [ PARAM ] array (
  'orderId' => '1',
)
[ info ] [ DB ] INIT mysql
[ info ] [ LOG ] INIT File
[ sql ] [ DB ] CONNECT:[ UseTime:0.002929s ] mysql:host=127.0.0.1;dbname=qianlidu;charset=utf8
[ sql ] [ SQL ] SHOW COLUMNS FROM `cm_config` [ RunTime:0.006836s ]
[ sql ] [ SQL ] SELECT * FROM `cm_config` ORDER BY `id` DESC [ RunTime:0.000000s ]
[ sql ] [ SQL ] SHOW COLUMNS FROM `cm_user` [ RunTime:0.056641s ]
[ sql ] [ SQL ] SELECT * FROM `cm_user` WHERE  `id` IS NULL LIMIT 1 [ RunTime:0.000000s ]
