---------------------------------------------------------------
[ 2019-10-12T18:48:27+08:00 ] 127.0.0.1 GET /admin/system/passwd.html
[ info ] www.lh1.com/admin/system/passwd.html [运行时间：0.162109s][吞吐率：6.17req/s] [内存消耗：2,925.45kb] [文件加载：66]
[ info ] [ LANG ] D:\phpstudy\WWW\lanHu\framework\lang\zh-cn.php
[ info ] [ BIND ] 'manage'
[ info ] [ ROUTE ] array (
  'type' => 'module',
  'module' => 
  array (
    0 => 'manage',
    1 => 'system',
    2 => 'passwd',
  ),
)
[ info ] [ HEADER ] array (
  'cookie' => 'admin_cookie=1; login_time=1570879255',
  'accept-language' => 'zh-CN,zh;q=0.9',
  'accept-encoding' => 'gzip, deflate',
  'referer' => 'http://www.lh1.com/admin/agents/addagent.html',
  'accept' => 'text/html,application/xhtml+xml,application/xml;q=0.9,image/webp,image/apng,*/*;q=0.8,application/signed-exchange;v=b3',
  'user-agent' => 'Mozilla/5.0 (Windows NT 6.1; Win64; x64) AppleWebKit/537.36 (KHTML, like Gecko) Chrome/73.0.3683.86 Safari/537.36',
  'upgrade-insecure-requests' => '1',
  'connection' => 'close',
  'host' => 'www.lh1.com',
)
[ info ] [ PARAM ] array (
)
[ info ] [ DB ] INIT mysql
[ info ] [ RUN ] app\manage\controller\System->passwd[ D:\phpstudy\WWW\lanHu\application\manage\controller\System.php ]
[ info ] [ VIEW ] D:\phpstudy\WWW\lanHu\application/manage\view\system\passwd.html [ array (
  0 => 'config',
  1 => 'admin',
  2 => 'topNav',
  3 => 'url_path',
  4 => 'sysLink',
  5 => 'list',
  6 => 'info',
) ]
[ info ] [ LOG ] INIT File
[ sql ] [ DB ] CONNECT:[ UseTime:0.020508s ] mysql:host=127.0.0.1;dbname=qianlidu;charset=utf8
[ sql ] [ SQL ] SHOW COLUMNS FROM `cm_config` [ RunTime:0.013672s ]
[ sql ] [ SQL ] SELECT * FROM `cm_config` ORDER BY `id` DESC [ RunTime:0.000976s ]
[ sql ] [ SQL ] SHOW COLUMNS FROM `cm_admin` [ RunTime:0.009766s ]
[ sql ] [ SQL ] SELECT `a`.*,b.name as level_name FROM `cm_admin` `a` INNER JOIN `cm_admin_group` `b` ON `a`.`role_id`=`b`.`gid` WHERE  `a`.`id` = '1' LIMIT 1 [ RunTime:0.001953s ]
[ sql ] [ SQL ] SHOW COLUMNS FROM `cm_admin_group` [ RunTime:0.009766s ]
[ sql ] [ SQL ] SELECT * FROM `cm_admin_group` WHERE  `gid` = 1 LIMIT 1 [ RunTime:0.000977s ]
[ sql ] [ SQL ] SHOW COLUMNS FROM `cm_sys_menu` [ RunTime:0.011719s ]
[ sql ] [ SQL ] SELECT * FROM `cm_sys_menu` ORDER BY `sort` DESC [ RunTime:0.000977s ]
[ sql ] [ SQL ] SELECT * FROM `cm_sys_menu` [ RunTime:0.000977s ]
[ sql ] [ SQL ] SELECT * FROM `cm_sys_menu` WHERE  `model` = 'System'  AND `url` = 'passwd' LIMIT 1 [ RunTime:0.000977s ]
[ sql ] [ SQL ] SELECT `a`.*,b.name as level_name FROM `cm_admin` `a` INNER JOIN `cm_admin_group` `b` ON `a`.`role_id`=`b`.`gid` WHERE  `a`.`id` = 1 LIMIT 1 [ RunTime:0.000977s ]
[ sql ] [ SQL ] SELECT * FROM `cm_admin_group` [ RunTime:0.001953s ]
---------------------------------------------------------------
[ 2019-10-12T18:48:32+08:00 ] 127.0.0.1 POST /admin/system/passwd.html
[ info ] www.lh1.com/admin/system/passwd.html [运行时间：0.105469s][吞吐率：9.48req/s] [内存消耗：2,810.55kb] [文件加载：68]
[ info ] [ LANG ] D:\phpstudy\WWW\lanHu\framework\lang\zh-cn.php
[ info ] [ BIND ] 'manage'
[ info ] [ ROUTE ] array (
  'type' => 'module',
  'module' => 
  array (
    0 => 'manage',
    1 => 'system',
    2 => 'passwd',
  ),
)
[ info ] [ HEADER ] array (
  'cookie' => 'admin_cookie=1; login_time=1570879255',
  'accept-language' => 'zh-CN,zh;q=0.9',
  'accept-encoding' => 'gzip, deflate',
  'referer' => 'http://www.lh1.com/admin/system/passwd.html',
  'content-type' => 'application/x-www-form-urlencoded; charset=UTF-8',
  'user-agent' => 'Mozilla/5.0 (Windows NT 6.1; Win64; x64) AppleWebKit/537.36 (KHTML, like Gecko) Chrome/73.0.3683.86 Safari/537.36',
  'x-requested-with' => 'XMLHttpRequest',
  'origin' => 'http://www.lh1.com',
  'accept' => 'application/json, text/javascript, */*; q=0.01',
  'content-length' => '104',
  'connection' => 'close',
  'host' => 'www.lh1.com',
)
[ info ] [ PARAM ] array (
  'username' => 'admin',
  'name' => '超级管理员',
  'phone' => '15817090127',
  'password' => '123456',
  'id' => '1',
)
[ info ] [ DB ] INIT mysql
[ info ] [ RUN ] app\manage\controller\System->passwd[ D:\phpstudy\WWW\lanHu\application\manage\controller\System.php ]
[ info ] [ CACHE ] INIT File
[ info ] [ LOG ] INIT File
[ sql ] [ DB ] CONNECT:[ UseTime:0.012695s ] mysql:host=127.0.0.1;dbname=qianlidu;charset=utf8
[ sql ] [ SQL ] SHOW COLUMNS FROM `cm_config` [ RunTime:0.006836s ]
[ sql ] [ SQL ] SELECT * FROM `cm_config` ORDER BY `id` DESC [ RunTime:0.001954s ]
[ sql ] [ SQL ] SHOW COLUMNS FROM `cm_admin` [ RunTime:0.006836s ]
[ sql ] [ SQL ] SELECT `a`.*,b.name as level_name FROM `cm_admin` `a` INNER JOIN `cm_admin_group` `b` ON `a`.`role_id`=`b`.`gid` WHERE  `a`.`id` = '1' LIMIT 1 [ RunTime:0.000977s ]
[ sql ] [ SQL ] SHOW COLUMNS FROM `cm_admin_group` [ RunTime:0.006836s ]
[ sql ] [ SQL ] SELECT * FROM `cm_admin_group` WHERE  `gid` = 1 LIMIT 1 [ RunTime:0.000976s ]
[ sql ] [ SQL ] SHOW COLUMNS FROM `cm_sys_menu` [ RunTime:0.006836s ]
[ sql ] [ SQL ] SELECT * FROM `cm_sys_menu` ORDER BY `sort` DESC [ RunTime:0.000977s ]
[ sql ] [ SQL ] SELECT * FROM `cm_sys_menu` [ RunTime:0.000977s ]
[ sql ] [ SQL ] SELECT * FROM `cm_sys_menu` WHERE  `model` = 'System'  AND `url` = 'passwd' LIMIT 1 [ RunTime:0.000977s ]
[ sql ] [ SQL ] SELECT `a`.*,b.name as level_name FROM `cm_admin` `a` INNER JOIN `cm_admin_group` `b` ON `a`.`role_id`=`b`.`gid` WHERE  `a`.`id` = '1' LIMIT 1 [ RunTime:0.000976s ]
[ sql ] [ SQL ] SELECT `a`.*,b.name as level_name FROM `cm_admin` `a` INNER JOIN `cm_admin_group` `b` ON `a`.`role_id`=`b`.`gid` WHERE  `a`.`username` = 'admin' LIMIT 1 [ RunTime:0.000977s ]
[ sql ] [ SQL ] UPDATE `cm_admin`  SET `username`='admin',`name`='超级管理员',`phone`='15817090127',`password`='###d11e8f2f44c9512290f778da2df1c60b'  WHERE  `id` = 1 [ RunTime:0.000977s ]
---------------------------------------------------------------
[ 2019-10-12T18:48:35+08:00 ] 127.0.0.1 GET /admin/system/account.html
[ info ] www.lh1.com/admin/system/account.html [运行时间：0.135743s][吞吐率：7.37req/s] [内存消耗：3,005.09kb] [文件加载：70]
[ info ] [ LANG ] D:\phpstudy\WWW\lanHu\framework\lang\zh-cn.php
[ info ] [ BIND ] 'manage'
[ info ] [ ROUTE ] array (
  'type' => 'module',
  'module' => 
  array (
    0 => 'manage',
    1 => 'system',
    2 => 'account',
  ),
)
[ info ] [ HEADER ] array (
  'cookie' => 'admin_cookie=1; login_time=1570879255',
  'accept-language' => 'zh-CN,zh;q=0.9',
  'accept-encoding' => 'gzip, deflate',
  'referer' => 'http://www.lh1.com/admin/system/passwd.html',
  'accept' => 'text/html,application/xhtml+xml,application/xml;q=0.9,image/webp,image/apng,*/*;q=0.8,application/signed-exchange;v=b3',
  'user-agent' => 'Mozilla/5.0 (Windows NT 6.1; Win64; x64) AppleWebKit/537.36 (KHTML, like Gecko) Chrome/73.0.3683.86 Safari/537.36',
  'upgrade-insecure-requests' => '1',
  'connection' => 'close',
  'host' => 'www.lh1.com',
)
[ info ] [ PARAM ] array (
)
[ info ] [ DB ] INIT mysql
[ info ] [ RUN ] app\manage\controller\System->account[ D:\phpstudy\WWW\lanHu\application\manage\controller\System.php ]
[ info ] [ VIEW ] D:\phpstudy\WWW\lanHu\application/manage\view\system\account.html [ array (
  0 => 'config',
  1 => 'admin',
  2 => 'topNav',
  3 => 'url_path',
  4 => 'sysLink',
  5 => 'list',
  6 => 'page',
  7 => 'search',
) ]
[ info ] [ LOG ] INIT File
[ sql ] [ DB ] CONNECT:[ UseTime:0.015625s ] mysql:host=127.0.0.1;dbname=qianlidu;charset=utf8
[ sql ] [ SQL ] SHOW COLUMNS FROM `cm_config` [ RunTime:0.009765s ]
[ sql ] [ SQL ] SELECT * FROM `cm_config` ORDER BY `id` DESC [ RunTime:0.000976s ]
[ sql ] [ SQL ] SHOW COLUMNS FROM `cm_admin` [ RunTime:0.012696s ]
[ sql ] [ SQL ] SELECT `a`.*,b.name as level_name FROM `cm_admin` `a` INNER JOIN `cm_admin_group` `b` ON `a`.`role_id`=`b`.`gid` WHERE  `a`.`id` = '1' LIMIT 1 [ RunTime:0.001953s ]
[ sql ] [ SQL ] SHOW COLUMNS FROM `cm_admin_group` [ RunTime:0.009765s ]
[ sql ] [ SQL ] SELECT * FROM `cm_admin_group` WHERE  `gid` = 1 LIMIT 1 [ RunTime:0.000977s ]
[ sql ] [ SQL ] SHOW COLUMNS FROM `cm_sys_menu` [ RunTime:0.009766s ]
[ sql ] [ SQL ] SELECT * FROM `cm_sys_menu` ORDER BY `sort` DESC [ RunTime:0.000976s ]
[ sql ] [ SQL ] SELECT * FROM `cm_sys_menu` [ RunTime:0.000976s ]
[ sql ] [ SQL ] SELECT * FROM `cm_sys_menu` WHERE  `model` = 'System'  AND `url` = 'account' LIMIT 1 [ RunTime:0.000977s ]
[ sql ] [ SQL ] SELECT * FROM `cm_admin_group` [ RunTime:0.000000s ]
[ sql ] [ SQL ] SELECT COUNT(*) AS tp_count FROM `cm_admin` `a` INNER JOIN `cm_admin_group` `b` ON `a`.`role_id`=`b`.`gid` WHERE  `a`.`is_sys` = '0' LIMIT 1 [ RunTime:0.000976s ]
[ sql ] [ SQL ] SELECT `a`.*,b.name as level_name FROM `cm_admin` `a` INNER JOIN `cm_admin_group` `b` ON `a`.`role_id`=`b`.`gid` WHERE  `a`.`is_sys` = '0' ORDER BY `a`.`id` DESC LIMIT 0,15 [ RunTime:0.001954s ]
