---------------------------------------------------------------
[ 2019-10-24T17:53:24+08:00 ] 127.0.0.1 GET /admin/
[ info ] www.lh1.com/admin/ [运行时间：2.524414s][吞吐率：0.40req/s] [内存消耗：2,541.86kb] [文件加载：60]
[ info ] [ LANG ] D:\phpstudy\WWW\lanHu\framework\lang\zh-cn.php
[ info ] [ BIND ] 'manage'
[ info ] [ ROUTE ] array (
  'type' => 'module',
  'module' => 
  array (
    0 => 'manage',
    1 => NULL,
    2 => NULL,
  ),
)
[ info ] [ HEADER ] array (
  'accept-language' => 'zh-CN,zh;q=0.9',
  'accept-encoding' => 'gzip, deflate',
  'accept' => 'text/html,application/xhtml+xml,application/xml;q=0.9,image/webp,image/apng,*/*;q=0.8,application/signed-exchange;v=b3',
  'user-agent' => 'Mozilla/5.0 (Windows NT 6.1; Win64; x64) AppleWebKit/537.36 (KHTML, like Gecko) Chrome/73.0.3683.86 Safari/537.36',
  'upgrade-insecure-requests' => '1',
  'purpose' => 'prefetch',
  'connection' => 'close',
  'host' => 'www.lh1.com',
)
[ info ] [ PARAM ] array (
)
[ info ] [ DB ] INIT mysql
[ info ] [ LOG ] INIT File
[ sql ] [ DB ] CONNECT:[ UseTime:0.017578s ] mysql:host=127.0.0.1;dbname=qianlidu;charset=utf8
[ sql ] [ SQL ] SHOW COLUMNS FROM `cm_config` [ RunTime:0.057617s ]
[ sql ] [ SQL ] SELECT * FROM `cm_config` ORDER BY `id` DESC [ RunTime:0.057617s ]
---------------------------------------------------------------
[ 2019-10-24T17:53:25+08:00 ] 127.0.0.1 GET /admin/
[ info ] www.lh1.com/admin/ [运行时间：0.053710s][吞吐率：18.62req/s] [内存消耗：2,541.80kb] [文件加载：60]
[ info ] [ LANG ] D:\phpstudy\WWW\lanHu\framework\lang\zh-cn.php
[ info ] [ BIND ] 'manage'
[ info ] [ ROUTE ] array (
  'type' => 'module',
  'module' => 
  array (
    0 => 'manage',
    1 => NULL,
    2 => NULL,
  ),
)
[ info ] [ HEADER ] array (
  'accept-language' => 'zh-CN,zh;q=0.9',
  'accept-encoding' => 'gzip, deflate',
  'accept' => 'text/html,application/xhtml+xml,application/xml;q=0.9,image/webp,image/apng,*/*;q=0.8,application/signed-exchange;v=b3',
  'user-agent' => 'Mozilla/5.0 (Windows NT 6.1; Win64; x64) AppleWebKit/537.36 (KHTML, like Gecko) Chrome/73.0.3683.86 Safari/537.36',
  'upgrade-insecure-requests' => '1',
  'connection' => 'close',
  'host' => 'www.lh1.com',
)
[ info ] [ PARAM ] array (
)
[ info ] [ DB ] INIT mysql
[ info ] [ LOG ] INIT File
[ sql ] [ DB ] CONNECT:[ UseTime:0.011718s ] mysql:host=127.0.0.1;dbname=qianlidu;charset=utf8
[ sql ] [ SQL ] SHOW COLUMNS FROM `cm_config` [ RunTime:0.005859s ]
[ sql ] [ SQL ] SELECT * FROM `cm_config` ORDER BY `id` DESC [ RunTime:0.000977s ]
---------------------------------------------------------------
[ 2019-10-24T17:53:25+08:00 ] 127.0.0.1 GET /admin/login.html
[ info ] www.lh1.com/admin/login.html [运行时间：0.308594s][吞吐率：3.24req/s] [内存消耗：2,663.56kb] [文件加载：61]
[ info ] [ LANG ] D:\phpstudy\WWW\lanHu\framework\lang\zh-cn.php
[ info ] [ BIND ] 'manage'
[ info ] [ ROUTE ] array (
  'type' => 'module',
  'module' => 
  array (
    0 => 'manage',
    1 => 'login',
    2 => NULL,
  ),
)
[ info ] [ HEADER ] array (
  'accept-language' => 'zh-CN,zh;q=0.9',
  'accept-encoding' => 'gzip, deflate',
  'accept' => 'text/html,application/xhtml+xml,application/xml;q=0.9,image/webp,image/apng,*/*;q=0.8,application/signed-exchange;v=b3',
  'user-agent' => 'Mozilla/5.0 (Windows NT 6.1; Win64; x64) AppleWebKit/537.36 (KHTML, like Gecko) Chrome/73.0.3683.86 Safari/537.36',
  'upgrade-insecure-requests' => '1',
  'connection' => 'close',
  'host' => 'www.lh1.com',
)
[ info ] [ PARAM ] array (
)
[ info ] [ DB ] INIT mysql
[ info ] [ RUN ] app\manage\controller\Login->index[ D:\phpstudy\WWW\lanHu\application\manage\controller\Login.php ]
[ info ] [ VIEW ] D:\phpstudy\WWW\lanHu\application/manage\view\login\index.html [ array (
  0 => 'config',
) ]
[ info ] [ LOG ] INIT File
[ sql ] [ DB ] CONNECT:[ UseTime:0.002929s ] mysql:host=127.0.0.1;dbname=qianlidu;charset=utf8
[ sql ] [ SQL ] SHOW COLUMNS FROM `cm_config` [ RunTime:0.005860s ]
[ sql ] [ SQL ] SELECT * FROM `cm_config` ORDER BY `id` DESC [ RunTime:0.000000s ]
---------------------------------------------------------------
[ 2019-10-24T17:53:40+08:00 ] 127.0.0.1 POST /admin/login/index.html
[ info ] www.lh1.com/admin/login/index.html [运行时间：0.308594s][吞吐率：3.24req/s] [内存消耗：2,501.50kb] [文件加载：59]
[ info ] [ LANG ] D:\phpstudy\WWW\lanHu\framework\lang\zh-cn.php
[ info ] [ BIND ] 'manage'
[ info ] [ ROUTE ] array (
  'type' => 'module',
  'module' => 
  array (
    0 => 'manage',
    1 => 'login',
    2 => 'index',
  ),
)
[ info ] [ HEADER ] array (
  'accept-language' => 'zh-CN,zh;q=0.9',
  'accept-encoding' => 'gzip, deflate',
  'referer' => 'http://www.lh1.com/admin/login.html',
  'content-type' => 'application/x-www-form-urlencoded; charset=UTF-8',
  'user-agent' => 'Mozilla/5.0 (Windows NT 6.1; Win64; x64) AppleWebKit/537.36 (KHTML, like Gecko) Chrome/73.0.3683.86 Safari/537.36',
  'x-requested-with' => 'XMLHttpRequest',
  'origin' => 'http://www.lh1.com',
  'accept' => 'application/json, text/javascript, */*; q=0.01',
  'content-length' => '37',
  'connection' => 'close',
  'host' => 'www.lh1.com',
)
[ info ] [ PARAM ] array (
  'username' => 'admin',
  'password' => 'admin',
  'a' => 'login',
)
[ info ] [ DB ] INIT mysql
[ info ] [ RUN ] app\manage\controller\Login->index[ D:\phpstudy\WWW\lanHu\application\manage\controller\Login.php ]
[ info ] [ LOG ] INIT File
[ sql ] [ DB ] CONNECT:[ UseTime:0.012695s ] mysql:host=127.0.0.1;dbname=qianlidu;charset=utf8
[ sql ] [ SQL ] SHOW COLUMNS FROM `cm_config` [ RunTime:0.006836s ]
[ sql ] [ SQL ] SELECT * FROM `cm_config` ORDER BY `id` DESC [ RunTime:0.000976s ]
[ sql ] [ SQL ] SHOW COLUMNS FROM `cm_admin` [ RunTime:0.108399s ]
[ sql ] [ SQL ] SELECT `a`.*,b.name as level_name FROM `cm_admin` `a` INNER JOIN `cm_admin_group` `b` ON `a`.`role_id`=`b`.`gid` WHERE  `a`.`username` = 'admin' LIMIT 1 [ RunTime:0.080078s ]
---------------------------------------------------------------
[ 2019-10-24T17:53:44+08:00 ] 127.0.0.1 POST /admin/login/index.html
[ info ] www.lh1.com/admin/login/index.html [运行时间：0.113281s][吞吐率：8.83req/s] [内存消耗：2,586.65kb] [文件加载：64]
[ info ] [ LANG ] D:\phpstudy\WWW\lanHu\framework\lang\zh-cn.php
[ info ] [ BIND ] 'manage'
[ info ] [ ROUTE ] array (
  'type' => 'module',
  'module' => 
  array (
    0 => 'manage',
    1 => 'login',
    2 => 'index',
  ),
)
[ info ] [ HEADER ] array (
  'accept-language' => 'zh-CN,zh;q=0.9',
  'accept-encoding' => 'gzip, deflate',
  'referer' => 'http://www.lh1.com/admin/login.html',
  'content-type' => 'application/x-www-form-urlencoded; charset=UTF-8',
  'user-agent' => 'Mozilla/5.0 (Windows NT 6.1; Win64; x64) AppleWebKit/537.36 (KHTML, like Gecko) Chrome/73.0.3683.86 Safari/537.36',
  'x-requested-with' => 'XMLHttpRequest',
  'origin' => 'http://www.lh1.com',
  'accept' => 'application/json, text/javascript, */*; q=0.01',
  'content-length' => '38',
  'connection' => 'close',
  'host' => 'www.lh1.com',
)
[ info ] [ PARAM ] array (
  'username' => 'admin',
  'password' => '123456',
  'a' => 'login',
)
[ info ] [ DB ] INIT mysql
[ info ] [ RUN ] app\manage\controller\Login->index[ D:\phpstudy\WWW\lanHu\application\manage\controller\Login.php ]
[ info ] [ CACHE ] INIT File
[ info ] [ LOG ] INIT File
[ sql ] [ DB ] CONNECT:[ UseTime:0.003906s ] mysql:host=127.0.0.1;dbname=qianlidu;charset=utf8
[ sql ] [ SQL ] SHOW COLUMNS FROM `cm_config` [ RunTime:0.010742s ]
[ sql ] [ SQL ] SELECT * FROM `cm_config` ORDER BY `id` DESC [ RunTime:0.000976s ]
[ sql ] [ SQL ] SHOW COLUMNS FROM `cm_admin` [ RunTime:0.007812s ]
[ sql ] [ SQL ] SELECT `a`.*,b.name as level_name FROM `cm_admin` `a` INNER JOIN `cm_admin_group` `b` ON `a`.`role_id`=`b`.`gid` WHERE  `a`.`username` = 'admin' LIMIT 1 [ RunTime:0.000977s ]
[ sql ] [ SQL ] UPDATE `cm_admin`  SET `id`=1,`login_time`=1571910824  WHERE  `id` = 1 [ RunTime:0.000977s ]
---------------------------------------------------------------
[ 2019-10-24T17:53:45+08:00 ] 127.0.0.1 GET /admin/index.html
[ info ] www.lh1.com/admin/index.html [运行时间：0.847657s][吞吐率：1.18req/s] [内存消耗：2,919.23kb] [文件加载：67]
[ info ] [ LANG ] D:\phpstudy\WWW\lanHu\framework\lang\zh-cn.php
[ info ] [ BIND ] 'manage'
[ info ] [ ROUTE ] array (
  'type' => 'module',
  'module' => 
  array (
    0 => 'manage',
    1 => 'index',
    2 => NULL,
  ),
)
[ info ] [ HEADER ] array (
  'cookie' => 'admin_cookie=1; login_time=1571910824',
  'accept-language' => 'zh-CN,zh;q=0.9',
  'accept-encoding' => 'gzip, deflate',
  'referer' => 'http://www.lh1.com/admin/login.html',
  'accept' => 'text/html,application/xhtml+xml,application/xml;q=0.9,image/webp,image/apng,*/*;q=0.8,application/signed-exchange;v=b3',
  'user-agent' => 'Mozilla/5.0 (Windows NT 6.1; Win64; x64) AppleWebKit/537.36 (KHTML, like Gecko) Chrome/73.0.3683.86 Safari/537.36',
  'upgrade-insecure-requests' => '1',
  'connection' => 'close',
  'host' => 'www.lh1.com',
)
[ info ] [ PARAM ] array (
)
[ info ] [ DB ] INIT mysql
[ info ] [ RUN ] app\manage\controller\Index->index[ D:\phpstudy\WWW\lanHu\application\manage\controller\Index.php ]
[ info ] [ VIEW ] D:\phpstudy\WWW\lanHu\application/manage\view\index\index.html [ array (
  0 => 'config',
  1 => 'admin',
  2 => 'topNav',
  3 => 'url_path',
  4 => 'sysLink',
  5 => 'money',
) ]
[ info ] [ LOG ] INIT File
[ sql ] [ DB ] CONNECT:[ UseTime:0.002930s ] mysql:host=127.0.0.1;dbname=qianlidu;charset=utf8
[ sql ] [ SQL ] SHOW COLUMNS FROM `cm_config` [ RunTime:0.006836s ]
[ sql ] [ SQL ] SELECT * FROM `cm_config` ORDER BY `id` DESC [ RunTime:0.000977s ]
[ sql ] [ SQL ] SHOW COLUMNS FROM `cm_admin` [ RunTime:0.007813s ]
[ sql ] [ SQL ] SELECT `a`.*,b.name as level_name FROM `cm_admin` `a` INNER JOIN `cm_admin_group` `b` ON `a`.`role_id`=`b`.`gid` WHERE  `a`.`id` = '1' LIMIT 1 [ RunTime:0.000976s ]
[ sql ] [ SQL ] SHOW COLUMNS FROM `cm_admin_group` [ RunTime:0.005860s ]
[ sql ] [ SQL ] SELECT * FROM `cm_admin_group` WHERE  `gid` = 1 LIMIT 1 [ RunTime:0.000000s ]
[ sql ] [ SQL ] SHOW COLUMNS FROM `cm_sys_menu` [ RunTime:0.053711s ]
[ sql ] [ SQL ] SELECT * FROM `cm_sys_menu` ORDER BY `sort` DESC [ RunTime:0.059571s ]
[ sql ] [ SQL ] SELECT * FROM `cm_sys_menu` [ RunTime:0.000976s ]
[ sql ] [ SQL ] SELECT * FROM `cm_sys_menu` WHERE  `model` = 'Index'  AND `url` = 'index' LIMIT 1 [ RunTime:0.000977s ]
[ sql ] [ SQL ] SHOW COLUMNS FROM `cm_agent` [ RunTime:0.133789s ]
[ sql ] [ SQL ] SELECT COUNT(*) AS tp_count FROM `cm_agent` WHERE  `business` = 0 LIMIT 1 [ RunTime:0.012695s ]
[ sql ] [ SQL ] SELECT COUNT(*) AS tp_count FROM `cm_agent` WHERE  `business` = 1 LIMIT 1 [ RunTime:0.000977s ]
[ sql ] [ SQL ] SHOW COLUMNS FROM `cm_user` [ RunTime:0.107422s ]
[ sql ] [ SQL ] SELECT COUNT(*) AS tp_count FROM `cm_user` LIMIT 1 [ RunTime:0.000976s ]
[ sql ] [ SQL ] SHOW COLUMNS FROM `cm_order` [ RunTime:0.194336s ]
[ sql ] [ SQL ] SELECT COUNT(*) AS tp_count FROM `cm_order` LIMIT 1 [ RunTime:0.000977s ]
---------------------------------------------------------------
[ 2019-10-24T17:53:54+08:00 ] 127.0.0.1 GET /admin/product/index.html
[ info ] www.lh1.com/admin/product/index.html [运行时间：0.487304s][吞吐率：2.05req/s] [内存消耗：3,031.91kb] [文件加载：70]
[ info ] [ LANG ] D:\phpstudy\WWW\lanHu\framework\lang\zh-cn.php
[ info ] [ BIND ] 'manage'
[ info ] [ ROUTE ] array (
  'type' => 'module',
  'module' => 
  array (
    0 => 'manage',
    1 => 'product',
    2 => 'index',
  ),
)
[ info ] [ HEADER ] array (
  'cookie' => 'admin_cookie=1; login_time=1571910824',
  'accept-language' => 'zh-CN,zh;q=0.9',
  'accept-encoding' => 'gzip, deflate',
  'referer' => 'http://www.lh1.com/admin/index.html',
  'accept' => 'text/html,application/xhtml+xml,application/xml;q=0.9,image/webp,image/apng,*/*;q=0.8,application/signed-exchange;v=b3',
  'user-agent' => 'Mozilla/5.0 (Windows NT 6.1; Win64; x64) AppleWebKit/537.36 (KHTML, like Gecko) Chrome/73.0.3683.86 Safari/537.36',
  'upgrade-insecure-requests' => '1',
  'connection' => 'close',
  'host' => 'www.lh1.com',
)
[ info ] [ PARAM ] array (
)
[ info ] [ DB ] INIT mysql
[ info ] [ RUN ] app\manage\controller\Product->index[ D:\phpstudy\WWW\lanHu\application\manage\controller\Product.php ]
[ info ] [ VIEW ] D:\phpstudy\WWW\lanHu\application/manage\view\product\index.html [ array (
  0 => 'config',
  1 => 'admin',
  2 => 'topNav',
  3 => 'url_path',
  4 => 'sysLink',
  5 => 'data',
  6 => 'list',
  7 => 'page',
  8 => 'state',
) ]
[ info ] [ LOG ] INIT File
[ sql ] [ DB ] CONNECT:[ UseTime:0.012696s ] mysql:host=127.0.0.1;dbname=qianlidu;charset=utf8
[ sql ] [ SQL ] SHOW COLUMNS FROM `cm_config` [ RunTime:0.006836s ]
[ sql ] [ SQL ] SELECT * FROM `cm_config` ORDER BY `id` DESC [ RunTime:0.000976s ]
[ sql ] [ SQL ] SHOW COLUMNS FROM `cm_admin` [ RunTime:0.006836s ]
[ sql ] [ SQL ] SELECT `a`.*,b.name as level_name FROM `cm_admin` `a` INNER JOIN `cm_admin_group` `b` ON `a`.`role_id`=`b`.`gid` WHERE  `a`.`id` = '1' LIMIT 1 [ RunTime:0.001953s ]
[ sql ] [ SQL ] SHOW COLUMNS FROM `cm_admin_group` [ RunTime:0.006836s ]
[ sql ] [ SQL ] SELECT * FROM `cm_admin_group` WHERE  `gid` = 1 LIMIT 1 [ RunTime:0.000000s ]
[ sql ] [ SQL ] SHOW COLUMNS FROM `cm_sys_menu` [ RunTime:0.005859s ]
[ sql ] [ SQL ] SELECT * FROM `cm_sys_menu` ORDER BY `sort` DESC [ RunTime:0.000977s ]
[ sql ] [ SQL ] SELECT * FROM `cm_sys_menu` [ RunTime:0.000977s ]
[ sql ] [ SQL ] SELECT * FROM `cm_sys_menu` WHERE  `model` = 'Product'  AND `url` = 'index' LIMIT 1 [ RunTime:0.000000s ]
[ sql ] [ SQL ] SHOW COLUMNS FROM `cm_goods` [ RunTime:0.098632s ]
[ sql ] [ SQL ] SELECT COUNT(*) AS tp_count FROM `cm_goods` WHERE  `status` IN (0,1,2) LIMIT 1 [ RunTime:0.062500s ]
[ sql ] [ SQL ] SELECT * FROM `cm_goods` WHERE  `status` IN (0,1,2) ORDER BY `rank_num` DESC LIMIT 0,15 [ RunTime:0.000976s ]
---------------------------------------------------------------
[ 2019-10-24T17:53:55+08:00 ] 127.0.0.1 GET /uploads/20180927/286131d54b259796358953c602dd22c0.jpg
[ info ] www.lh1.com/uploads/20180927/286131d54b259796358953c602dd22c0.jpg [运行时间：0.248046s][吞吐率：4.03req/s] [内存消耗：1,358.78kb] [文件加载：41]
[ info ] [ LANG ] D:\phpstudy\WWW\lanHu\framework\lang\zh-cn.php
[ info ] [ ROUTE ] array (
  'type' => 'module',
  'module' => 
  array (
    0 => 'uploads',
    1 => '20180927',
    2 => '286131d54b259796358953c602dd22c0.jpg',
  ),
)
[ info ] [ HEADER ] array (
  'cookie' => 'admin_cookie=1; login_time=1571914424',
  'accept-language' => 'zh-CN,zh;q=0.9',
  'accept-encoding' => 'gzip, deflate',
  'referer' => 'http://www.lh1.com/admin/product/index.html',
  'accept' => 'image/webp,image/apng,image/*,*/*;q=0.8',
  'user-agent' => 'Mozilla/5.0 (Windows NT 6.1; Win64; x64) AppleWebKit/537.36 (KHTML, like Gecko) Chrome/73.0.3683.86 Safari/537.36',
  'connection' => 'close',
  'host' => 'www.lh1.com',
)
[ info ] [ PARAM ] array (
)
[ info ] [ LOG ] INIT File
---------------------------------------------------------------
[ 2019-10-24T17:53:56+08:00 ] 127.0.0.1 GET /uploads/20180910/0ca66a23643bc82030b386c135b03c40.jpg
[ info ] www.lh1.com/uploads/20180910/0ca66a23643bc82030b386c135b03c40.jpg [运行时间：0.020508s][吞吐率：48.76req/s] [内存消耗：1,358.78kb] [文件加载：41]
[ info ] [ LANG ] D:\phpstudy\WWW\lanHu\framework\lang\zh-cn.php
[ info ] [ ROUTE ] array (
  'type' => 'module',
  'module' => 
  array (
    0 => 'uploads',
    1 => '20180910',
    2 => '0ca66a23643bc82030b386c135b03c40.jpg',
  ),
)
[ info ] [ HEADER ] array (
  'cookie' => 'admin_cookie=1; login_time=1571914424',
  'accept-language' => 'zh-CN,zh;q=0.9',
  'accept-encoding' => 'gzip, deflate',
  'referer' => 'http://www.lh1.com/admin/product/index.html',
  'accept' => 'image/webp,image/apng,image/*,*/*;q=0.8',
  'user-agent' => 'Mozilla/5.0 (Windows NT 6.1; Win64; x64) AppleWebKit/537.36 (KHTML, like Gecko) Chrome/73.0.3683.86 Safari/537.36',
  'connection' => 'close',
  'host' => 'www.lh1.com',
)
[ info ] [ PARAM ] array (
)
[ info ] [ LOG ] INIT File
---------------------------------------------------------------
[ 2019-10-24T17:55:37+08:00 ] 127.0.0.1 GET /admin/product/productedit/5.html
[ info ] www.lh1.com/admin/product/productedit/5.html [运行时间：0.523438s][吞吐率：1.91req/s] [内存消耗：3,056.37kb] [文件加载：71]
[ info ] [ LANG ] D:\phpstudy\WWW\lanHu\framework\lang\zh-cn.php
[ info ] [ BIND ] 'manage'
[ info ] [ ROUTE ] array (
  'type' => 'module',
  'module' => 
  array (
    0 => 'manage',
    1 => 'product',
    2 => 'productedit',
  ),
)
[ info ] [ HEADER ] array (
  'cookie' => 'admin_cookie=1; login_time=1571914424',
  'accept-language' => 'zh-CN,zh;q=0.9',
  'accept-encoding' => 'gzip, deflate',
  'referer' => 'http://www.lh1.com/admin/product/index.html',
  'accept' => 'text/html,application/xhtml+xml,application/xml;q=0.9,image/webp,image/apng,*/*;q=0.8,application/signed-exchange;v=b3',
  'user-agent' => 'Mozilla/5.0 (Windows NT 6.1; Win64; x64) AppleWebKit/537.36 (KHTML, like Gecko) Chrome/73.0.3683.86 Safari/537.36',
  'upgrade-insecure-requests' => '1',
  'connection' => 'close',
  'host' => 'www.lh1.com',
)
[ info ] [ PARAM ] array (
  0 => '5',
)
[ info ] [ DB ] INIT mysql
[ info ] [ RUN ] app\manage\controller\Product->ProductEdit[ D:\phpstudy\WWW\lanHu\application\manage\controller\Product.php ]
[ info ] [ VIEW ] D:\phpstudy\WWW\lanHu\application/manage\view\product\product_edit.html [ array (
  0 => 'config',
  1 => 'admin',
  2 => 'topNav',
  3 => 'url_path',
  4 => 'sysLink',
  5 => 'info',
  6 => 'agent',
  7 => 'goodsRecommed',
  8 => 'photo',
  9 => 'goodsTag',
  10 => 'goodsT',
) ]
[ info ] [ LOG ] INIT File
[ sql ] [ DB ] CONNECT:[ UseTime:0.001953s ] mysql:host=127.0.0.1;dbname=qianlidu;charset=utf8
[ sql ] [ SQL ] SHOW COLUMNS FROM `cm_config` [ RunTime:0.005859s ]
[ sql ] [ SQL ] SELECT * FROM `cm_config` ORDER BY `id` DESC [ RunTime:0.000977s ]
[ sql ] [ SQL ] SHOW COLUMNS FROM `cm_admin` [ RunTime:0.005860s ]
[ sql ] [ SQL ] SELECT `a`.*,b.name as level_name FROM `cm_admin` `a` INNER JOIN `cm_admin_group` `b` ON `a`.`role_id`=`b`.`gid` WHERE  `a`.`id` = '1' LIMIT 1 [ RunTime:0.000000s ]
[ sql ] [ SQL ] SHOW COLUMNS FROM `cm_admin_group` [ RunTime:0.005859s ]
[ sql ] [ SQL ] SELECT * FROM `cm_admin_group` WHERE  `gid` = 1 LIMIT 1 [ RunTime:0.000000s ]
[ sql ] [ SQL ] SHOW COLUMNS FROM `cm_sys_menu` [ RunTime:0.006836s ]
[ sql ] [ SQL ] SELECT * FROM `cm_sys_menu` ORDER BY `sort` DESC [ RunTime:0.000977s ]
[ sql ] [ SQL ] SELECT * FROM `cm_sys_menu` [ RunTime:0.000976s ]
[ sql ] [ SQL ] SELECT * FROM `cm_sys_menu` WHERE  `model` = 'Product'  AND `url` = 'productedit' LIMIT 1 [ RunTime:0.000000s ]
[ sql ] [ SQL ] SELECT * FROM `cm_sys_menu` WHERE  `model` = 'Product'  AND `extend` LIKE '%productedit%' LIMIT 1 [ RunTime:0.000977s ]
[ sql ] [ SQL ] SHOW COLUMNS FROM `cm_goods` [ RunTime:0.006836s ]
[ sql ] [ SQL ] SELECT * FROM `cm_goods` WHERE  `id` = 5 LIMIT 1 [ RunTime:0.000977s ]
[ sql ] [ SQL ] SHOW COLUMNS FROM `cm_agent` [ RunTime:0.006836s ]
[ sql ] [ SQL ] SELECT * FROM `cm_agent` WHERE  `status` = 1 [ RunTime:0.000977s ]
[ sql ] [ SQL ] SHOW COLUMNS FROM `cm_user` [ RunTime:0.005859s ]
[ sql ] [ SQL ] SELECT `id`,`nickname` FROM `cm_user` WHERE  `id` IN (85,90,92) [ RunTime:0.016602s ]
[ sql ] [ SQL ] SHOW COLUMNS FROM `cm_goods_recommed` [ RunTime:0.041992s ]
[ sql ] [ SQL ] SELECT * FROM `cm_goods_recommed` [ RunTime:0.000977s ]
[ sql ] [ SQL ] SHOW COLUMNS FROM `cm_goods_photo` [ RunTime:0.031250s ]
[ sql ] [ SQL ] SELECT * FROM `cm_goods_photo` WHERE  `gid` = 5 [ RunTime:0.006836s ]
[ sql ] [ SQL ] SHOW COLUMNS FROM `cm_goods_tag` [ RunTime:0.039063s ]
[ sql ] [ SQL ] SELECT * FROM `cm_goods_tag` [ RunTime:0.000976s ]
[ sql ] [ SQL ] SHOW COLUMNS FROM `cm_goods_t` [ RunTime:0.028321s ]
[ sql ] [ SQL ] SELECT * FROM `cm_goods_t` WHERE  `gid` = 5 [ RunTime:0.000976s ]
---------------------------------------------------------------
[ 2019-10-24T17:55:38+08:00 ] 127.0.0.1 GET /admin/upload/index.html?action=config&&noCache=1571910938387
[ info ] www.lh1.com/admin/upload/index.html?action=config&&noCache=1571910938387 [运行时间：0.262696s][吞吐率：3.81req/s] [内存消耗：2,483.20kb] [文件加载：57]
[ info ] [ LANG ] D:\phpstudy\WWW\lanHu\framework\lang\zh-cn.php
[ info ] [ BIND ] 'manage'
[ info ] [ ROUTE ] array (
  'type' => 'module',
  'module' => 
  array (
    0 => 'manage',
    1 => 'upload',
    2 => 'index',
  ),
)
[ info ] [ HEADER ] array (
  'cookie' => 'admin_cookie=1; login_time=1571914424',
  'accept-language' => 'zh-CN,zh;q=0.9',
  'accept-encoding' => 'gzip, deflate',
  'referer' => 'http://www.lh1.com/admin/product/productedit/5.html',
  'accept' => '*/*',
  'user-agent' => 'Mozilla/5.0 (Windows NT 6.1; Win64; x64) AppleWebKit/537.36 (KHTML, like Gecko) Chrome/73.0.3683.86 Safari/537.36',
  'connection' => 'close',
  'host' => 'www.lh1.com',
)
[ info ] [ PARAM ] array (
  'action' => 'config',
  'noCache' => '1571910938387',
)
[ info ] [ DB ] INIT mysql
[ info ] [ RUN ] app\manage\controller\Upload->index[ D:\phpstudy\WWW\lanHu\application\manage\controller\Upload.php ]
[ info ] [ LOG ] INIT File
[ sql ] [ DB ] CONNECT:[ UseTime:0.004883s ] mysql:host=127.0.0.1;dbname=qianlidu;charset=utf8
[ sql ] [ SQL ] SHOW COLUMNS FROM `cm_config` [ RunTime:0.009765s ]
[ sql ] [ SQL ] SELECT * FROM `cm_config` ORDER BY `id` DESC [ RunTime:0.002930s ]
---------------------------------------------------------------
[ 2019-10-24T17:55:39+08:00 ] 127.0.0.1 GET /admin/Upload/index.html?action=config&&noCache=1571910938499
[ info ] www.lh1.com/admin/Upload/index.html?action=config&&noCache=1571910938499 [运行时间：0.042969s][吞吐率：23.27req/s] [内存消耗：2,483.20kb] [文件加载：57]
[ info ] [ LANG ] D:\phpstudy\WWW\lanHu\framework\lang\zh-cn.php
[ info ] [ BIND ] 'manage'
[ info ] [ ROUTE ] array (
  'type' => 'module',
  'module' => 
  array (
    0 => 'manage',
    1 => 'Upload',
    2 => 'index',
  ),
)
[ info ] [ HEADER ] array (
  'cookie' => 'admin_cookie=1; login_time=1571914424',
  'accept-language' => 'zh-CN,zh;q=0.9',
  'accept-encoding' => 'gzip, deflate',
  'referer' => 'http://www.lh1.com/admin/product/productedit/5.html',
  'accept' => '*/*',
  'user-agent' => 'Mozilla/5.0 (Windows NT 6.1; Win64; x64) AppleWebKit/537.36 (KHTML, like Gecko) Chrome/73.0.3683.86 Safari/537.36',
  'connection' => 'close',
  'host' => 'www.lh1.com',
)
[ info ] [ PARAM ] array (
  'action' => 'config',
  'noCache' => '1571910938499',
)
[ info ] [ DB ] INIT mysql
[ info ] [ RUN ] app\manage\controller\Upload->index[ D:\phpstudy\WWW\lanHu\application\manage\controller\Upload.php ]
[ info ] [ LOG ] INIT File
[ sql ] [ DB ] CONNECT:[ UseTime:0.002929s ] mysql:host=127.0.0.1;dbname=qianlidu;charset=utf8
[ sql ] [ SQL ] SHOW COLUMNS FROM `cm_config` [ RunTime:0.005860s ]
[ sql ] [ SQL ] SELECT * FROM `cm_config` ORDER BY `id` DESC [ RunTime:0.000000s ]
